[    0.000000] Initializing cgroup subsys cpuset
[    0.000000] Initializing cgroup subsys cpu
[    0.000000] Initializing cgroup subsys cpuacct
[    0.000000] Linux version 4.4.0-186-generic (buildd@lcy01-amd64-002) (gcc version 5.4.0 20160609 (Ubuntu 5.4.0-6ubuntu1~16.04.12) ) #216-Ubuntu SMP Wed Jul 1 05:34:05 UTC 2020 (Ubuntu 4.4.0-186.216-generic 4.4.228)
[    0.000000] Command line: BOOT_IMAGE=/boot/vmlinuz-4.4.0-186-generic root=LABEL=cloudimg-rootfs ro console=tty1 console=ttyS0
[    0.000000] KERNEL supported cpus:
[    0.000000]   Intel GenuineIntel
[    0.000000]   AMD AuthenticAMD
[    0.000000]   Centaur CentaurHauls
[    0.000000] x86/fpu: xstate_offset[2]:  576, xstate_sizes[2]:  256
[    0.000000] x86/fpu: Supporting XSAVE feature 0x01: 'x87 floating point registers'
[    0.000000] x86/fpu: Supporting XSAVE feature 0x02: 'SSE registers'
[    0.000000] x86/fpu: Supporting XSAVE feature 0x04: 'AVX registers'
[    0.000000] x86/fpu: Enabled xstate features 0x7, context size is 832 bytes, using 'standard' format.
[    0.000000] e820: BIOS-provided physical RAM map:
[    0.000000] BIOS-e820: [mem 0x0000000000000000-0x000000000009fbff] usable
[    0.000000] BIOS-e820: [mem 0x000000000009fc00-0x000000000009ffff] reserved
[    0.000000] BIOS-e820: [mem 0x00000000000f0000-0x00000000000fffff] reserved
[    0.000000] BIOS-e820: [mem 0x0000000000100000-0x000000003ffeffff] usable
[    0.000000] BIOS-e820: [mem 0x000000003fff0000-0x000000003fffffff] ACPI data
[    0.000000] BIOS-e820: [mem 0x00000000fec00000-0x00000000fec00fff] reserved
[    0.000000] BIOS-e820: [mem 0x00000000fee00000-0x00000000fee00fff] reserved
[    0.000000] BIOS-e820: [mem 0x00000000fffc0000-0x00000000ffffffff] reserved
[    0.000000] NX (Execute Disable) protection: active
[    0.000000] SMBIOS 2.5 present.
[    0.000000] Hypervisor detected: KVM
[    0.000000] e820: last_pfn = 0x3fff0 max_arch_pfn = 0x400000000
[    0.000000] MTRR: Disabled
[    0.000000] x86/PAT: MTRRs disabled, skipping PAT initialization too.
[    0.000000] CPU MTRRs all blank - virtualized system.
[    0.000000] x86/PAT: Configuration [0-7]: WB  WT  UC- UC  WB  WT  UC- UC  
[    0.000000] found SMP MP-table at [mem 0x0009fff0-0x0009ffff] mapped at [ffff88000009fff0]
[    0.000000] Scanning 1 areas for low memory corruption
[    0.000000] RAMDISK: [mem 0x362de000-0x37166fff]
[    0.000000] ACPI: Early table checksum verification disabled
[    0.000000] ACPI: RSDP 0x00000000000E0000 000024 (v02 VBOX  )
[    0.000000] ACPI: XSDT 0x000000003FFF0030 00003C (v01 VBOX   VBOXXSDT 00000001 ASL  00000061)
[    0.000000] ACPI: FACP 0x000000003FFF00F0 0000F4 (v04 VBOX   VBOXFACP 00000001 ASL  00000061)
[    0.000000] ACPI: DSDT 0x000000003FFF0470 002325 (v02 VBOX   VBOXBIOS 00000002 INTL 20180105)
[    0.000000] ACPI: FACS 0x000000003FFF0200 000040
[    0.000000] ACPI: FACS 0x000000003FFF0200 000040
[    0.000000] ACPI: APIC 0x000000003FFF0240 00005C (v02 VBOX   VBOXAPIC 00000001 ASL  00000061)
[    0.000000] ACPI: SSDT 0x000000003FFF02A0 0001CC (v01 VBOX   VBOXCPUT 00000002 INTL 20180105)
[    0.000000] No NUMA configuration found
[    0.000000] Faking a node at [mem 0x0000000000000000-0x000000003ffeffff]
[    0.000000] NODE_DATA(0) allocated [mem 0x3ffeb000-0x3ffeffff]
[    0.000000] kvm-clock: Using msrs 4b564d01 and 4b564d00
[    0.000000] kvm-clock: cpu 0, msr 0:3ffe3001, primary cpu clock
[    0.000000] kvm-clock: using sched offset of 3117594409 cycles
[    0.000000] clocksource: kvm-clock: mask: 0xffffffffffffffff max_cycles: 0x1cd42e4dffb, max_idle_ns: 881590591483 ns
[    0.000000] Zone ranges:
[    0.000000]   DMA      [mem 0x0000000000001000-0x0000000000ffffff]
[    0.000000]   DMA32    [mem 0x0000000001000000-0x000000003ffeffff]
[    0.000000]   Normal   empty
[    0.000000]   Device   empty
[    0.000000] Movable zone start for each node
[    0.000000] Early memory node ranges
[    0.000000]   node   0: [mem 0x0000000000001000-0x000000000009efff]
[    0.000000]   node   0: [mem 0x0000000000100000-0x000000003ffeffff]
[    0.000000] Initmem setup node 0 [mem 0x0000000000001000-0x000000003ffeffff]
[    0.000000] ACPI: PM-Timer IO Port: 0x4008
[    0.000000] IOAPIC[0]: apic_id 2, version 32, address 0xfec00000, GSI 0-23
[    0.000000] ACPI: INT_SRC_OVR (bus 0 bus_irq 0 global_irq 2 dfl dfl)
[    0.000000] ACPI: INT_SRC_OVR (bus 0 bus_irq 9 global_irq 9 low level)
[    0.000000] Using ACPI (MADT) for SMP configuration information
[    0.000000] smpboot: Allowing 2 CPUs, 0 hotplug CPUs
[    0.000000] PM: Registered nosave memory: [mem 0x00000000-0x00000fff]
[    0.000000] PM: Registered nosave memory: [mem 0x0009f000-0x0009ffff]
[    0.000000] PM: Registered nosave memory: [mem 0x000a0000-0x000effff]
[    0.000000] PM: Registered nosave memory: [mem 0x000f0000-0x000fffff]
[    0.000000] e820: [mem 0x40000000-0xfebfffff] available for PCI devices
[    0.000000] Booting paravirtualized kernel on KVM
[    0.000000] clocksource: refined-jiffies: mask: 0xffffffff max_cycles: 0xffffffff, max_idle_ns: 7645519600211568 ns
[    0.000000] setup_percpu: NR_CPUS:512 nr_cpumask_bits:512 nr_cpu_ids:2 nr_node_ids:1
[    0.000000] PERCPU: Embedded 33 pages/cpu @ffff88003fc00000 s95512 r8192 d31464 u1048576
[    0.000000] Built 1 zonelists in Node order, mobility grouping on.  Total pages: 257912
[    0.000000] Policy zone: DMA32
[    0.000000] Kernel command line: BOOT_IMAGE=/boot/vmlinuz-4.4.0-186-generic root=LABEL=cloudimg-rootfs ro console=tty1 console=ttyS0
[    0.000000] PID hash table entries: 4096 (order: 3, 32768 bytes)
[    0.000000] Memory: 997660K/1048120K available (8636K kernel code, 1337K rwdata, 4040K rodata, 1492K init, 1296K bss, 50460K reserved, 0K cma-reserved)
[    0.000000] SLUB: HWalign=64, Order=0-3, MinObjects=0, CPUs=2, Nodes=1
[    0.000000] Kernel/User page tables isolation: enabled
[    0.000000] Hierarchical RCU implementation.
[    0.000000] 	Build-time adjustment of leaf fanout to 64.
[    0.000000] 	RCU restricting CPUs from NR_CPUS=512 to nr_cpu_ids=2.
[    0.000000] RCU: Adjusting geometry for rcu_fanout_leaf=64, nr_cpu_ids=2
[    0.000000] NR_IRQS:33024 nr_irqs:440 16
[    0.000000] Console: colour VGA+ 80x25
[    0.000000] console [tty1] enabled
[    0.000000] console [ttyS0] enabled
[    0.000000] tsc: Detected 1991.998 MHz processor
[    0.095107] Calibrating delay loop (skipped) preset value.. 3983.99 BogoMIPS (lpj=7967992)
[    0.096244] pid_max: default: 32768 minimum: 301
[    0.096896] ACPI: Core revision 20150930
[    0.098105] ACPI: 2 ACPI AML tables successfully acquired and loaded
[    0.099140] Security Framework initialized
[    0.099722] Yama: becoming mindful.
[    0.100286] AppArmor: AppArmor initialized
[    0.100979] Dentry cache hash table entries: 131072 (order: 8, 1048576 bytes)
[    0.102393] Inode-cache hash table entries: 65536 (order: 7, 524288 bytes)
[    0.103385] Mount-cache hash table entries: 2048 (order: 2, 16384 bytes)
[    0.104192] Mountpoint-cache hash table entries: 2048 (order: 2, 16384 bytes)
[    0.105250] Initializing cgroup subsys io
[    0.105803] Initializing cgroup subsys memory
[    0.106408] Initializing cgroup subsys devices
[    0.107154] Initializing cgroup subsys freezer
[    0.107762] Initializing cgroup subsys net_cls
[    0.108376] Initializing cgroup subsys perf_event
[    0.109059] Initializing cgroup subsys net_prio
[    0.109663] Initializing cgroup subsys hugetlb
[    0.110319] Initializing cgroup subsys pids
[    0.123833] mce: CPU supports 0 MCE banks
[    0.124464] Last level iTLB entries: 4KB 64, 2MB 8, 4MB 8
[    0.125184] Last level dTLB entries: 4KB 64, 2MB 0, 4MB 0, 1GB 4
[    0.125948] Spectre V1 : Mitigation: usercopy/swapgs barriers and __user pointer sanitization
[    0.127223] Spectre V2 : Mitigation: Full generic retpoline
[    0.127962] Spectre V2 : Spectre v2 / SpectreRSB mitigation: Filling RSB on context switch
[    0.129114] Speculative Store Bypass: Vulnerable
[    0.129739] SRBDS: Unknown: Dependent on hypervisor status
[    0.130560] MDS: Mitigation: Clear CPU buffers
[    0.133213] Freeing SMP alternatives memory: 36K
[    0.138574] ftrace: allocating 32334 entries in 127 pages
[    0.187527] smpboot: APIC(0) Converting physical 0 to logical package 0
[    0.188433] smpboot: Max logical packages: 1
[    0.189253] x2apic enabled
[    0.189871] Switched APIC routing to physical x2apic.
[    0.191369] ..TIMER: vector=0x30 apic1=0 pin1=2 apic2=-1 pin2=-1
[    0.300261] smpboot: CPU0: Intel(R) Core(TM) i7-8550U CPU @ 1.80GHz (family: 0x6, model: 0x8e, stepping: 0xa)
[    0.301831] Performance Events: unsupported p6 CPU model 142 no PMU driver, software events only.
[    0.312567] KVM setup paravirtual spinlock
[    0.314506] x86: Booting SMP configuration:
[    0.315424] .... node  #0, CPUs:      #1
[    0.316431] kvm-clock: cpu 1, msr 0:3ffe3041, secondary cpu clock
[    0.331327] mce: CPU supports 0 MCE banks
[    0.333756] x86: Booted up 1 node, 2 CPUs
[    0.334481] smpboot: Total of 2 processors activated (7967.99 BogoMIPS)
[    0.335631] devtmpfs: initialized
[    0.337553] evm: security.selinux
[    0.338147] evm: security.SMACK64
[    0.338685] evm: security.SMACK64EXEC
[    0.339217] evm: security.SMACK64TRANSMUTE
[    0.339790] evm: security.SMACK64MMAP
[    0.340331] evm: security.ima
[    0.340864] evm: security.capability
[    0.341596] clocksource: jiffies: mask: 0xffffffff max_cycles: 0xffffffff, max_idle_ns: 7645041785100000 ns
[    0.342908] futex hash table entries: 512 (order: 3, 32768 bytes)
[    0.343794] pinctrl core: initialized pinctrl subsystem
[    0.344594] RTC time: 11:43:11, date: 08/13/20
[    0.345541] NET: Registered protocol family 16
[    0.357254] cpuidle: using governor ladder
[    0.368711] cpuidle: using governor menu
[    0.370119] PCCT header not found.
[    0.371551] ACPI: bus type PCI registered
[    0.372934] acpiphp: ACPI Hot Plug PCI Controller Driver version: 0.5
[    0.375019] PCI: Using configuration type 1 for base access
[    0.390835] ACPI: Added _OSI(Module Device)
[    0.392313] ACPI: Added _OSI(Processor Device)
[    0.393798] ACPI: Added _OSI(3.0 _SCP Extensions)
[    0.395304] ACPI: Added _OSI(Processor Aggregator Device)
[    0.398144] ACPI: Executed 1 blocks of module-level executable AML code
[    0.403603] ACPI: Interpreter enabled
[    0.404909] ACPI: (supports S0 S5)
[    0.405912] ACPI: Using IOAPIC for interrupt routing
[    0.407384] PCI: Using host bridge windows from ACPI; if necessary, use "pci=nocrs" and report a bug
[    0.413675] ACPI: PCI Root Bridge [PCI0] (domain 0000 [bus 00-ff])
[    0.414954] acpi PNP0A03:00: _OSC: OS supports [ASPM ClockPM Segments MSI]
[    0.416442] acpi PNP0A03:00: _OSC: not requesting OS control; OS requires [ExtendedConfig ASPM ClockPM MSI]
[    0.418212] acpi PNP0A03:00: fail to add MMCONFIG information, can't access extended PCI configuration space under this bridge.
[    0.420459] PCI host bridge to bus 0000:00
[    0.421179] pci_bus 0000:00: root bus resource [io  0x0000-0x0cf7 window]
[    0.422246] pci_bus 0000:00: root bus resource [io  0x0d00-0xffff window]
[    0.423284] pci_bus 0000:00: root bus resource [mem 0x000a0000-0x000bffff window]
[    0.424529] pci_bus 0000:00: root bus resource [mem 0x40000000-0xfdffffff window]
[    0.425778] pci_bus 0000:00: root bus resource [bus 00-ff]
[    0.427758] pci 0000:00:01.1: legacy IDE quirk: reg 0x10: [io  0x01f0-0x01f7]
[    0.428744] pci 0000:00:01.1: legacy IDE quirk: reg 0x14: [io  0x03f6]
[    0.429710] pci 0000:00:01.1: legacy IDE quirk: reg 0x18: [io  0x0170-0x0177]
[    0.437551] pci 0000:00:01.1: legacy IDE quirk: reg 0x1c: [io  0x0376]
[    0.448273] pci 0000:00:07.0: quirk: [io  0x4000-0x403f] claimed by PIIX4 ACPI
[    0.449494] pci 0000:00:07.0: quirk: [io  0x4100-0x410f] claimed by PIIX4 SMB
[    0.456121] ACPI: PCI Interrupt Link [LNKA] (IRQs 5 9 10 *11)
[    0.457709] ACPI: PCI Interrupt Link [LNKB] (IRQs 5 9 *10 11)
[    0.459050] ACPI: PCI Interrupt Link [LNKC] (IRQs 5 *9 10 11)
[    0.460383] ACPI: PCI Interrupt Link [LNKD] (IRQs 5 9 10 *11)
[    0.461568] ACPI: Enabled 2 GPEs in block 00 to 07
[    0.462554] vgaarb: setting as boot device: PCI:0000:00:02.0
[    0.463340] vgaarb: device added: PCI:0000:00:02.0,decodes=io+mem,owns=io+mem,locks=none
[    0.464448] vgaarb: loaded
[    0.464978] vgaarb: bridge control possible 0000:00:02.0
[    0.465964] SCSI subsystem initialized
[    0.466730] ACPI: bus type USB registered
[    0.467381] usbcore: registered new interface driver usbfs
[    0.468172] usbcore: registered new interface driver hub
[    0.468987] usbcore: registered new device driver usb
[    0.470144] PCI: Using ACPI for IRQ routing
[    0.471524] NetLabel: Initializing
[    0.472078] NetLabel:  domain hash size = 128
[    0.472753] NetLabel:  protocols = UNLABELED CIPSOv4
[    0.473528] NetLabel:  unlabeled traffic allowed by default
[    0.474402] amd_nb: Cannot enumerate AMD northbridges
[    0.475193] clocksource: Switched to clocksource kvm-clock
[    0.481121] AppArmor: AppArmor Filesystem Enabled
[    0.481961] pnp: PnP ACPI init
[    0.483070] pnp: PnP ACPI: found 3 devices
[    0.491573] clocksource: acpi_pm: mask: 0xffffff max_cycles: 0xffffff, max_idle_ns: 2085701024 ns
[    0.492938] NET: Registered protocol family 2
[    0.493810] TCP established hash table entries: 8192 (order: 4, 65536 bytes)
[    0.494711] TCP bind hash table entries: 8192 (order: 5, 131072 bytes)
[    0.495603] TCP: Hash tables configured (established 8192 bind 8192)
[    0.496458] UDP hash table entries: 512 (order: 2, 16384 bytes)
[    0.497281] UDP-Lite hash table entries: 512 (order: 2, 16384 bytes)
[    0.498201] NET: Registered protocol family 1
[    0.498829] pci 0000:00:00.0: Limiting direct PCI/PCI transfers
[    0.499601] pci 0000:00:01.0: Activating ISA DMA hang workarounds
[    0.500519] Unpacking initramfs...
[    0.672530] Freeing initrd memory: 14884K
[    0.673547] clocksource: tsc: mask: 0xffffffffffffffff max_cycles: 0x396d4e5fc9d, max_idle_ns: 881590756024 ns
[    0.674926] platform rtc_cmos: registered platform RTC device (no PNP device found)
[    0.676097] Scanning for low memory corruption every 60 seconds
[    0.677452] audit: initializing netlink subsys (disabled)
[    0.678270] audit: type=2000 audit(1597318995.821:1): initialized
[    0.679371] Initialise system trusted keyring
[    0.680215] HugeTLB registered 2 MB page size, pre-allocated 0 pages
[    0.682041] zbud: loaded
[    0.682830] VFS: Disk quotas dquot_6.6.0
[    0.683602] VFS: Dquot-cache hash table entries: 512 (order 0, 4096 bytes)
[    0.684677] squashfs: version 4.0 (2009/01/31) Phillip Lougher
[    0.685809] fuse init (API version 7.23)
[    0.686598] Key type big_key registered
[    0.687192] Allocating IMA MOK and blacklist keyrings.
[    0.696786] Key type asymmetric registered
[    0.698216] Asymmetric key parser 'x509' registered
[    0.699756] Block layer SCSI generic (bsg) driver version 0.4 loaded (major 249)
[    0.701208] io scheduler noop registered
[    0.701805] io scheduler deadline registered (default)
[    0.702588] io scheduler cfq registered
[    0.703298] pci_hotplug: PCI Hot Plug PCI Core version: 0.5
[    0.704064] pciehp: PCI Express Hot Plug Controller Driver version: 0.4
[    0.705051] ACPI: AC Adapter [AC] (on-line)
[    0.705755] input: Power Button as /devices/LNXSYSTM:00/LNXPWRBN:00/input/input0
[    0.706825] ACPI: Power Button [PWRF]
[    0.707521] input: Sleep Button as /devices/LNXSYSTM:00/LNXSLPBN:00/input/input1
[    0.708591] ACPI: Sleep Button [SLPF]
[    0.709399] GHES: HEST is not enabled!
[    0.709867] ACPI: Battery Slot [BAT0] (battery present)
[    0.710866] Serial: 8250/16550 driver, 32 ports, IRQ sharing enabled
[    0.732117] 00:02: ttyS0 at I/O 0x3f8 (irq = 4, base_baud = 115200) is a 16550A
[    0.735140] Linux agpgart interface v0.103
[    0.737017] loop: module loaded
[    0.737987] scsi host0: ata_piix
[    0.738595] scsi host1: ata_piix
[    0.739140] ata1: PATA max UDMA/33 cmd 0x1f0 ctl 0x3f6 bmdma 0xd000 irq 14
[    0.740021] ata2: PATA max UDMA/33 cmd 0x170 ctl 0x376 bmdma 0xd008 irq 15
[    0.741001] libphy: Fixed MDIO Bus: probed
[    0.741670] tun: Universal TUN/TAP device driver, 1.6
[    0.742390] tun: (C) 1999-2004 Max Krasnyansky <maxk@qualcomm.com>
[    0.743238] PPP generic driver version 2.4.2
[    0.744093] ehci_hcd: USB 2.0 'Enhanced' Host Controller (EHCI) Driver
[    0.744969] ehci-pci: EHCI PCI platform driver
[    0.745583] ehci-platform: EHCI generic platform driver
[    0.746326] ohci_hcd: USB 1.1 'Open' Host Controller (OHCI) Driver
[    0.747124] ohci-pci: OHCI PCI platform driver
[    0.747862] ohci-platform: OHCI generic platform driver
[    0.748568] uhci_hcd: USB Universal Host Controller Interface driver
[    0.749453] i8042: PNP: PS/2 Controller [PNP0303:PS2K,PNP0f03:PS2M] at 0x60,0x64 irq 1,12
[    0.750973] serio: i8042 KBD port at 0x60,0x64 irq 1
[    0.751743] serio: i8042 AUX port at 0x60,0x64 irq 12
[    0.752576] mousedev: PS/2 mouse device common for all mice
[    0.753749] input: AT Translated Set 2 keyboard as /devices/platform/i8042/serio0/input/input2
[    0.755357] rtc_cmos rtc_cmos: rtc core: registered rtc_cmos as rtc0
[    0.756259] rtc_cmos rtc_cmos: alarms up to one day, 114 bytes nvram
[    0.757088] i2c /dev entries driver
[    0.757645] device-mapper: uevent: version 1.0.3
[    0.758375] device-mapper: ioctl: 4.34.0-ioctl (2015-10-28) initialised: dm-devel@redhat.com
[    0.759601] ledtrig-cpu: registered to indicate activity on CPUs
[    0.760741] NET: Registered protocol family 10
[    0.761628] NET: Registered protocol family 17
[    0.762285] Key type dns_resolver registered
[    0.763228] registered taskstats version 1
[    0.763831] Loading compiled-in X.509 certificates
[    0.764906] Loaded X.509 cert 'Build time autogenerated kernel key: cef5e81496c0efa51b848ab539e845ddf31c08be'
[    0.766245] zswap: loaded using pool lzo/zbud
[    0.768507] Key type trusted registered
[    0.772019] Key type encrypted registered
[    0.772715] AppArmor: AppArmor sha1 policy hashing enabled
[    0.773560] ima: No TPM chip found, activating TPM-bypass!
[    0.774340] ima: Allocated hash algorithm: sha1
[    0.775024] evm: HMAC attrs: 0x1
[    0.779378]   Magic number: 0:838:731
[    0.780056] rtc_cmos rtc_cmos: setting system clock to 2020-08-13 11:43:11 UTC (1597318991)
[    0.781489] BIOS EDD facility v0.16 2004-Jun-25, 0 devices found
[    0.782277] EDD information not available.
[    0.921431] Freeing unused kernel memory: 1492K
[    0.922366] Write protecting the kernel read-only data: 14336k
[    0.923959] Freeing unused kernel memory: 1592K
[    0.925075] Freeing unused kernel memory: 56K
Loading, please wait...
starting version 229
[    0.940321] random: systemd-udevd: uninitialized urandom read (16 bytes read, 1 bits of entropy available)
[    0.940785] random: udevadm: uninitialized urandom read (16 bytes read, 1 bits of entropy available)
[    0.940814] random: udevadm: uninitialized urandom read (16 bytes read, 1 bits of entropy available)
[    0.946432] random: systemd-udevd: uninitialized urandom read (16 bytes read, 1 bits of entropy available)
[    0.948544] random: systemd-udevd: uninitialized urandom read (16 bytes read, 1 bits of entropy available)
[    0.948925] random: udevadm: uninitialized urandom read (16 bytes read, 1 bits of entropy available)
[    0.948981] random: udevadm: uninitialized urandom read (16 bytes read, 1 bits of entropy available)
[    0.949135] random: udevadm: uninitialized urandom read (16 bytes read, 1 bits of entropy available)
[    0.949212] random: udevadm: uninitialized urandom read (16 bytes read, 1 bits of entropy available)
[    0.949278] random: udevadm: uninitialized urandom read (16 bytes read, 1 bits of entropy available)
[    0.988174] e1000: Intel(R) PRO/1000 Network Driver - version 7.3.21-k8-NAPI
[    0.989563] e1000: Copyright (c) 1999-2006 Intel Corporation.
[    1.005736] AVX2 version of gcm_enc/dec engaged.
[    1.006498] AES CTR mode by8 optimization enabled
[    1.008842] Fusion MPT base driver 3.04.20
[    1.009483] Copyright (c) 1999-2008 LSI Corporation
[    1.014216] Fusion MPT SPI Host driver 3.04.20
[    1.196367] input: ImExPS/2 Generic Explorer Mouse as /devices/platform/i8042/serio1/input/input4
[    1.345996] e1000 0000:00:03.0 eth0: (PCI:33MHz:32-bit) 02:81:88:50:25:98
[    1.347067] e1000 0000:00:03.0 eth0: Intel(R) PRO/1000 Network Connection
[    1.348793] mptbase: ioc0: Initiating bringup
[    1.411826] ioc0: LSI53C1030 A0: Capabilities={Initiator}
[    1.579886] scsi host2: ioc0: LSI53C1030 A0, FwRev=00000000h, Ports=1, MaxQ=256, IRQ=20
[    1.696493] scsi 2:0:0:0: Direct-Access     VBOX     HARDDISK         1.0  PQ: 0 ANSI: 5
[    1.703459] scsi target2:0:0: Beginning Domain Validation
[    1.716271] scsi target2:0:0: Domain Validation skipping write tests
[    1.720480] scsi target2:0:0: Ending Domain Validation
[    1.724467] scsi target2:0:0: asynchronous
[    1.732082] scsi 2:0:1:0: Direct-Access     VBOX     HARDDISK         1.0  PQ: 0 ANSI: 5
[    1.738588] scsi target2:0:1: Beginning Domain Validation
[    1.744541] scsi target2:0:1: Domain Validation skipping write tests
[    1.747254] scsi target2:0:1: Ending Domain Validation
[    1.749214] scsi target2:0:1: asynchronous
[    1.776079] sd 2:0:0:0: Attached scsi generic sg0 type 0
[    1.777022] sd 2:0:0:0: [sda] 20971520 512-byte logical blocks: (10.7 GB/10.0 GiB)
[    1.778813] sd 2:0:1:0: Attached scsi generic sg1 type 0
[    1.779666] sd 2:0:1:0: [sdb] 20480 512-byte logical blocks: (10.5 MB/10.0 MiB)
[    1.781186] sd 2:0:0:0: [sda] Write Protect is off
[    1.782050] sd 2:0:1:0: [sdb] Write Protect is off
[    1.782966] sd 2:0:0:0: [sda] Incomplete mode parameter data
[    1.783828] sd 2:0:0:0: [sda] Assuming drive cache: write through
[    1.784871] sd 2:0:1:0: [sdb] Incomplete mode parameter data
[    1.785691] sd 2:0:1:0: [sdb] Assuming drive cache: write through
[    1.789132]  sda: sda1
[    1.790394] sd 2:0:0:0: [sda] Attached SCSI disk
[    1.792106] sd 2:0:1:0: [sdb] Attached SCSI disk
[    2.047040] e1000 0000:00:08.0 eth1: (PCI:33MHz:32-bit) 08:00:27:0b:66:f4
[    2.048286] e1000 0000:00:08.0 eth1: Intel(R) PRO/1000 Network Connection
[    2.050353] e1000 0000:00:03.0 enp0s3: renamed from eth0
[    2.059612] e1000 0000:00:08.0 enp0s8: renamed from eth1
Begin: Loading essential drivers ... [    3.600441] md: linear personality registered for level -1
[    3.603461] md: multipath personality registered for level -4
[    3.606306] md: raid0 personality registered for level 0
[    3.610009] md: raid1 personality registered for level 1
[    3.679660] raid6: sse2x1   gen() 13537 MB/s
[    3.748394] raid6: sse2x1   xor() 10466 MB/s
[    3.823262] raid6: sse2x2   gen() 19053 MB/s
[    3.899538] raid6: sse2x2   xor() 12595 MB/s
[    3.968154] raid6: sse2x4   gen() 19312 MB/s
[    4.035398] raid6: sse2x4   xor() 12979 MB/s
[    4.103200] raid6: avx2x1   gen() 23645 MB/s
[    4.184194] raid6: avx2x2   gen() 35833 MB/s
[    4.259026] raid6: avx2x4   gen() 38386 MB/s
[    4.259836] raid6: using algorithm avx2x4 gen() 38386 MB/s
[    4.260603] raid6: using avx2x2 recovery algorithm
[    4.262460] xor: automatically using best checksumming function:
[    4.303231]    avx       : 25663.000 MB/sec
[    4.304783] async_tx: api initialized (async)
[    4.313400] md: raid6 personality registered for level 6
[    4.314443] md: raid5 personality registered for level 5
[    4.315399] md: raid4 personality registered for level 4
[    4.320792] md: raid10 personality registered for level 10
done.
Begin: Running /scripts/init-premount ... done.
Begin: Mounting root file system ... Begin: Running /scripts/local-top ... done.
Begin: Running /scripts/local-premount ... [    4.343765] Btrfs loaded
Scanning for Btrfs filesystems
done.
Warning: fsck not present, so skipping root file system
[    4.374076] EXT4-fs (sda1): INFO: recovery required on readonly filesystem
[    4.375032] EXT4-fs (sda1): write access will be enabled during recovery
[    4.581601] EXT4-fs (sda1): recovery complete
[    4.585506] EXT4-fs (sda1): mounted filesystem with ordered data mode. Opts: (null)
done.
Begin: Running /scripts/local-bottom ... done.
Begin: Running /scripts/init-bottom ... done.
[    4.719213] systemd[1]: systemd 229 running in system mode. (+PAM +AUDIT +SELINUX +IMA +APPARMOR +SMACK +SYSVINIT +UTMP +LIBCRYPTSETUP +GCRYPT +GNUTLS +ACL +XZ -LZ4 +SECCOMP +BLKID +ELFUTILS +KMOD -IDN)
[    4.722113] systemd[1]: Detected virtualization oracle.
[    4.722973] systemd[1]: Detected architecture x86-64.

Welcome to [1mUbuntu 16.04.6 LTS[0m!

[    4.726485] systemd[1]: Set hostname to <ubuntu-xenial>.
[    4.840628] systemd[1]: Listening on LVM2 poll daemon socket.
[[0;32m  OK  [0m] Listening on LVM2 poll daemon socket.
[    4.848167] systemd[1]: Listening on LVM2 metadata daemon socket.
[[0;32m  OK  [0m] Listening on LVM2 metadata daemon socket.
[    4.855025] systemd[1]: Listening on Journal Socket (/dev/log).
[[0;32m  OK  [0m] Listening on Journal Socket (/dev/log).
[    4.861418] systemd[1]: Listening on Device-mapper event daemon FIFOs.
[[0;32m  OK  [0m] Listening on Device-mapper event daemon FIFOs.
[    4.867127] systemd[1]: Listening on udev Kernel Socket.
[[0;32m  OK  [0m] Listening on udev Kernel Socket.
[    4.870716] systemd[1]: Reached target Encrypted Volumes.
[[0;32m  OK  [0m] Reached target Encrypted Volumes.
[    4.873996] systemd[1]: Listening on udev Control Socket.
[[0;32m  OK  [0m] Listening on udev Control Socket.
[    4.877126] systemd[1]: Created slice User and Session Slice.
[[0;32m  OK  [0m] Created slice User and Session Slice.
[    4.879973] systemd[1]: Created slice System Slice.
[[0;32m  OK  [0m] Created slice System Slice.
[    4.882111] systemd[1]: Created slice system-serial\x2dgetty.slice.
[[0;32m  OK  [0m] Created slice system-serial\x2dgetty.slice.
[    4.884335] systemd[1]: Reached target Slices.
[[0;32m  OK  [0m] Reached target Slices.
[    4.891448] systemd[1]: Reached target Swap.
[[0;32m  OK  [0m] Reached target Swap.
[    4.892909] systemd[1]: Reached target User and Group Name Lookups.
[[0;32m  OK  [0m] Reached target User and Group Name Lookups.
[    4.899650] systemd[1]: Listening on Syslog Socket.
[[0;32m  OK  [0m] Listening on Syslog Socket.
[    4.907790] systemd[1]: Set up automount Arbitrary Executable File Formats File System Automount Point.
[[0;32m  OK  [0m] Set up automount Arbitrary Executab...ats File System Automount Point.
[    4.910409] systemd[1]: Listening on /dev/initctl Compatibility Named Pipe.
[[0;32m  OK  [0m] Listening on /dev/initctl Compatibility Named Pipe.
[    4.912313] systemd[1]: Listening on Journal Audit Socket.
[[0;32m  OK  [0m] Listening on Journal Audit Socket.
[    4.919684] systemd[1]: Listening on Journal Socket.
[[0;32m  OK  [0m] Listening on Journal Socket.
[    4.943519] systemd[1]: Starting Journal Service...
         Starting Journal Service...
[    4.946281] systemd[1]: Starting Monitoring of LVM2 mirrors, snapshots etc. using dmeventd or progress polling...
         Starting Monitoring of LVM2 mirrors... dmeventd or progress polling...
[    4.950264] systemd[1]: Mounting Debug File System...
         Mounting Debug File System...
[    4.953988] systemd[1]: Starting Set console keymap...
         Starting Set console keymap...
[    4.958412] systemd[1]: Starting Load Kernel Modules...
         Starting Load Kernel Modules...
[    4.962011] systemd[1]: Starting Remount Root and Kernel File Systems...
         Starting Remount Root and Kernel File Systems...
[    4.968946] systemd[1]: Starting Nameserver information manager...
         Starting Nameserver information manager...
[    4.971554] systemd[1]: Starting Uncomplicated firewall...
         Starting Uncomplicated firewall...
[    4.975210] systemd[1]: Starting Create list of required static device nodes for the current kernel...
         Starting Create list of required st... nodes for the current kernel...
[    4.980108] systemd[1]: Mounting Huge Pages File System...
         Mounting Huge Pages File System...
[    4.982549] EXT4-fs (sda1): re-mounted. Opts: (null)
[    4.983943] systemd[1]: Mounting POSIX Message Queue File System...
         Mounting POSIX Message Queue File System...
[    4.985870] systemd[1]: Started Trigger resolvconf update for networkd DNS.
[[0;32m  OK  [0m] Started Trigger resolvconf update for networkd DNS.
[    4.988644] systemd[1]: Reached target System Time Synchronized.
[[0;32m  OK  [0m] Reached target System Time Synchronized.
[    4.990316] systemd[1]: Started Forward Password Requests to Wall Directory Watch.
[[0;32m  OK  [0m] Started Forward Password Requests to Wall Directory Watch.
[    4.994094] systemd[1]: Mounted Huge Pages File System.
[[0;32m  OK  [0m] Mounted Huge Pages File System.
[    4.995575] systemd[1]: Mounted POSIX Message Queue File System.
[[0;32m  OK  [0m] Mounted POSIX Message Queue File System.
[    4.997079] systemd[1]: Mounted Debug File System.
[[0;32m  OK  [0m] Mounted Debug File System.
[    4.998479] systemd[1]: Started Journal Service.
[[0;32m  OK  [0m] Started Journal Service.
[    5.001161] random: nonblocking pool is initialized
[[0;32m  OK  [0m] Started Remount Root and Kernel File Systems.
[[0;32m  OK  [0m] Started Uncomplicated firewall.
[[0;32m  OK  [0m] Started Create list of required sta...ce nodes for the current kernel.
[[0;32m  OK  [0m] Started Nameserver information manager.
[    5.008760] Loading iSCSI transport class v2.0-870.
[[0;32m  OK  [0m] Started LVM2 metadata daemon.
         Starting Create Static Device Nodes in /dev...
         Starting Load/Save Random Seed...
         Starting udev Coldplug all Devices...
         Starting Flush Journal to Persistent Storage...
[    5.025256] iscsi: registered transport (tcp)
[[0;32m  OK  [0m] Started Load/Save Random Seed.
[[0;32m  OK  [0m] Started Create Static Device Nodes in /dev.
         Starting udev Kernel Device Manager...
[    5.038794] systemd-journald[367]: Received request to flush runtime journal from PID 1
[[0;32m  OK  [0m] Started Flush Journal to Persistent Storage.
[[0;32m  OK  [0m] Started Set console keymap.
[    5.063749] iscsi: registered transport (iser)
[[0;32m  OK  [0m] Started Load Kernel Modules.
         Mounting FUSE Control File System...
         Starting Apply Kernel Variables...
[[0;32m  OK  [0m] Mounted FUSE Control File System.
[[0;32m  OK  [0m] Started Apply Kernel Variables.
[[0;32m  OK  [0m] Started udev Kernel Device Manager.
[[0;32m  OK  [0m] Started udev Coldplug all Devices.
[[0;32m  OK  [0m] Started Dispatch Password Requests to Console Directory Watch.
[[0;32m  OK  [0m] Found device /dev/ttyS0.
[[0;32m  OK  [0m] Listening on Load/Save RF Kill Switch Status /dev/rfkill Watch.
[[0;32m  OK  [0m] Started Monitoring of LVM2 mirrors,...ng dmeventd or progress polling.
[[0;32m  OK  [0m] Reached target Local File Systems (Pre).
[[0;32m  OK  [0m] Reached target Local File Systems.
         Starting Set console font and keymap...
         Starting Initial cloud-init job (pre-networking)...
         Starting Create Volatile Files and Directories...
         Starting Tell Plymouth To Write Out Runtime Data...
         Starting LSB: AppArmor initialization...
[[0;32m  OK  [0m] Started Create Volatile Files and Directories.
[[0;32m  OK  [0m] Started Tell Plymouth To Write Out Runtime Data.
         Starting Update UTMP about System Boot/Shutdown...
[[0;32m  OK  [0m] Found device 82540EM Gigabit Ethern...r (PRO/1000 MT Desktop Adapter).
[[0;32m  OK  [0m] Found device 82540EM Gigabit Ethern...r (PRO/1000 MT Desktop Adapter).
[[0;32m  OK  [0m] Started Update UTMP about System Boot/Shutdown.
[[0;32m  OK  [0m] Started LSB: AppArmor initialization.
         Starting Load AppArmor profiles managed internally by snapd...
[[0;32m  OK  [0m] Started Load AppArmor profiles managed internally by snapd.
[[0;32m  OK  [0m] Started Set console font and keymap.
[[0;32m  OK  [0m] Created slice system-getty.slice.
[    6.066116] cloud-init[618]: Cloud-init v. 20.2-45-g5f7825e2-0ubuntu1~16.04.1 running 'init-local' at Thu, 13 Aug 2020 11:43:16 +0000. Up 5.86 seconds.
[[0;32m  OK  [0m] Started Initial cloud-init job (pre-networking).
[[0;32m  OK  [0m] Reached target Network (Pre).
[[0;32m  OK  [0m] Started ifup for enp0s3.
[[0;32m  OK  [0m] Started ifup for enp0s8.
         Starting Raise network interfaces...
[[0;32m  OK  [0m] Started Raise network interfaces.
         Starting Initial cloud-init job (metadata service crawler)...
[[0;32m  OK  [0m] Reached target Network.
[    6.643749] cloud-init[1071]: Cloud-init v. 20.2-45-g5f7825e2-0ubuntu1~16.04.1 running 'init' at Thu, 13 Aug 2020 11:43:17 +0000. Up 6.44 seconds.
[    6.645734] cloud-init[1071]: ci-info: ++++++++++++++++++++++++++++++++++++++Net device info+++++++++++++++++++++++++++++++++++++++
[    6.647521] cloud-init[1071]: ci-info: +--------+------+-----------------------------+---------------+--------+-------------------+
[    6.649342] cloud-init[1071]: ci-info: | Device |  Up  |           Address           |      Mask     | Scope  |     Hw-Address    |
[    6.651298] cloud-init[1071]: ci-info: +--------+------+-----------------------------+---------------+--------+-------------------+
[    6.652998] cloud-init[1071]: ci-info: | enp0s3 | True |          10.0.2.15          | 255.255.255.0 | global | 02:81:88:50:25:98 |
[    6.654886] cloud-init[1071]: ci-info: | enp0s3 | True |  fe80::81:88ff:fe50:2598/64 |       .       |  link  | 02:81:88:50:25:98 |
[    6.656804] cloud-init[1071]: ci-info: | enp0s8 | True |         192.168.50.4        | 255.255.255.0 | global | 08:00:27:0b:66:f4 |
[    6.658700] cloud-init[1071]: ci-info: | enp0s8 | True | fe80::a00:27ff:fe0b:66f4/64 |       .       |  link  | 08:00:27:0b:66:f4 |
[    6.660632] cloud-init[1071]: ci-info: |   lo   | True |          127.0.0.1          |   255.0.0.0   |  host  |         .         |
[    6.662588] cloud-init[1071]: ci-info: |   lo   | True |           ::1/128           |       .       |  host  |         .         |
[    6.664552] cloud-init[1071]: ci-info: +--------+------+-----------------------------+---------------+--------+-------------------+
[    6.666347] cloud-init[1071]: ci-info: ++++++++++++++++++++++++++++Route IPv4 info++++++++++++++++++++++++++++
[    6.667788] cloud-init[1071]: ci-info: +-------+--------------+----------+---------------+-----------+-------+
[    6.669371] cloud-init[1071]: ci-info: | Route | Destination  | Gateway  |    Genmask    | Interface | Flags |
[    6.671061] cloud-init[1071]: ci-info: +-------+--------------+----------+---------------+-----------+-------+
[    6.672793] cloud-init[1071]: ci-info: |   0   |   0.0.0.0    | 10.0.2.2 |    0.0.0.0    |   enp0s3  |   UG  |
[    6.674527] cloud-init[1071]: ci-info: |   1   |   10.0.2.0   | 0.0.0.0  | 255.255.255.0 |   enp0s3  |   U   |
[    6.676220] cloud-init[1071]: ci-info: |   2   | 192.168.50.0 | 0.0.0.0  | 255.255.255.0 |   enp0s8  |   U   |
[    6.677826] cloud-init[1071]: ci-info: +-------+--------------+----------+---------------+-----------+-------+
[    6.679378] [[0;32m  OK  [0m] Started Initial cloud-init job (metadata service crawler).
[[0;32m  OK  [0m] Reached target Cloud-config availability.
[[0;32m  OK  [0m] Reached target Network is Online.
cloud-init[1071]: ci-info: +++++++++++++++++++Route IPv6 info+++++++++++++++++++
[    6.682779] cloud-init[1071]: ci-info: +-------+-------------+---------+-----------+-------+
[    6.683968] cloud-init[1071]: ci-info: | Route | Destination | Gateway | Interface | Flags |
[    6.685179] cloud-init[1071]: ci-info: +-------+-------------+---------+-----------+-------+
[    6.686348] cloud-init[1071]: ci-info: |   0   |  fe80::/64  |    ::   |   enp0s8  |   U   |
[    6.687535] cloud-init[1071]: ci-info: |   1   |  fe80::/64  |    ::   |   enp0s3  |   U   |
[    6.688752] cloud-init[1071]: ci-info: |   4   |   ff00::/8  |    ::   |   enp0s8  |   U   |
[    6.689778] cloud-init[1071]: ci-info: |   5   |   ff00::/8  |    ::   |   enp0s3  |   U   |
[    6.690897] cloud-init[1071]: ci-info: +-------+-------------+---------+-----------+-------+
         Starting iSCSI initiator daemon (iscsid)...
[[0;32m  OK  [0m] Reached target System Initialization.
         Starting Socket activation for snappy daemon.
[[0;32m  OK  [0m] Started Daily apt download activities.
[[0;32m  OK  [0m] Started ACPI Events Check.
[[0;32m  OK  [0m] Reached target Paths.
[[0;32m  OK  [0m] Listening on D-Bus System Message Bus Socket.
         Starting LXD - unix socket.
[[0;32m  OK  [0m] Listening on ACPID Listen Socket.
[[0;32m  OK  [0m] Started Daily Cleanup of Temporary Directories.
         Starting Docker Socket for the API.
[[0;32m  OK  [0m] Listening on UUID daemon activation socket.
[[0;32m  OK  [0m] Started Daily apt upgrade and clean activities.
[[0;32m  OK  [0m] Started Message of the Day.
[[0;32m  OK  [0m] Reached target Timers.
[[0;32m  OK  [0m] Listening on Socket activation for snappy daemon.
[[0;32m  OK  [0m] Listening on LXD - unix socket.
[[0;32m  OK  [0m] Listening on Docker Socket for the API.
[[0;32m  OK  [0m] Reached target Sockets.
[[0;32m  OK  [0m] Reached target Basic System.
         Starting System Logging Service...
         Starting Daily apt upgrade and clean activities...
[[0;32m  OK  [0m] Started ACPI event daemon.
         Starting Snap Daemon...
         Starting LSB: Record successful boot for GRUB...
         Starting OpenBSD Secure Shell server...
         Starting Login Service...
         Starting Virtualbox guest utils...
[[0;32m  OK  [0m] Started FUSE filesystem for LXC.
[[0;32m  OK  [0m] Started D-Bus System Message Bus.
         Starting LXD - container startup/shutdown...
         Starting LSB: MD monitoring daemon...
[[0;32m  OK  [0m] Started Deferred execution scheduler.
         Starting containerd container runtime...
         Starting Accounts Service...
         Starting Message of the Day...
[[0;32m  OK  [0m] Started Regular background program processing daemon.
         Starting /etc/rc.local Compatibility...
[[0;32m  OK  [0m] Started System Logging Service.
[[0;32m  OK  [0m] Started iSCSI initiator daemon (iscsid).
[[0;32m  OK  [0m] Started containerd container runtime.
[[0;32m  OK  [0m] Started /etc/rc.local Compatibility.
[[0;32m  OK  [0m] Started OpenBSD Secure Shell server.
         Starting Docker Application Container Engine...
         Starting Login to default iSCSI targets...
[[0;32m  OK  [0m] Started Login Service.
[[0;32m  OK  [0m] Started Unattended Upgrades Shutdown.
[[0;32m  OK  [0m] Started LSB: Record successful boot for GRUB.
[[0;32m  OK  [0m] Started Login to default iSCSI targets.
[[0;32m  OK  [0m] Reached target Remote File Systems (Pre).
[[0;32m  OK  [0m] Reached target Remote File Systems.
         Starting LSB: daemon to balance interrupts for SMP systems...
         Starting LSB: Set the CPU Frequency Scaling governor to "ondemand"...
         Starting LSB: Set up cgroupfs mounts....
         Starting Permit User Sessions...
         Starting LSB: automatic crash report generation...
[[0;32m  OK  [0m] Started LSB: Set up cgroupfs mounts..
[[0;32m  OK  [0m] Started Permit User Sessions.
         Starting Hold until boot process finishes up...
         Starting Terminate Plymouth Boot Screen...
[[0;32m  OK  [0m] Started LSB: MD monitoring daemon.
[[0;32m  OK  [0m] Started Hold until boot process finishes up.
         Starting Set console scheme...
[[0;32m  OK  [0m] Started Serial Getty on ttyS0.
[[0;32m  OK  [0m] Started Getty on tty1.
[[0;32m  OK  [0m] Reached target Login Prompts.
[[0;32m  OK  [0m] Started Terminate Plymouth Boot Screen.
[[0;32m  OK  [0m] Started Set console scheme.
[[0;32m  OK  [0m] Started LSB: Set the CPU Frequency Scaling governor to "ondemand".
[[0;32m  OK  [0m] Started LSB: daemon to balance interrupts for SMP systems.
         Starting Authenticate and Authorize Users to Run Privileged Tasks...
[[0;32m  OK  [0m] Started LSB: automatic crash report generation.
[[0;32m  OK  [0m] Started Authenticate and Authorize Users to Run Privileged Tasks.
[[0;32m  OK  [0m] Started Accounts Service.
[[0;32m  OK  [0m] Started LXD - container startup/shutdown.
[[0;32m  OK  [0m] Started Virtualbox guest utils.
[[0;32m  OK  [0m] Started Snap Daemon.
         Starting Wait until snapd is fully seeded...
[[0;32m  OK  [0m] Started Wait until snapd is fully seeded.
         Starting Apply the settings specified in cloud-config...
[    7.844275] cloud-init[1402]: Cloud-init v. 20.2-45-g5f7825e2-0ubuntu1~16.04.1 running 'modules:config' at Thu, 13 Aug 2020 11:43:18 +0000. Up 7.70 seconds.
[[0;32m  OK  [0m] Started Apply the settings specified in cloud-config.
[[0;32m  OK  [0m] Started Message of the Day.
[[0;32m  OK  [0m] Started Docker Application Container Engine.
[[0;32m  OK  [0m] Reached target Multi-User System.
         Starting Execute cloud user/final scripts...
[[0;32m  OK  [0m] Reached target Graphical Interface.
         Starting Update UTMP about System Runlevel Changes...
[[0;32m  OK  [0m] Started Update UTMP about System Runlevel Changes.
[    8.648088] cloud-init[1675]: Cloud-init v. 20.2-45-g5f7825e2-0ubuntu1~16.04.1 running 'modules:final' at Thu, 13 Aug 2020 11:43:19 +0000. Up 8.57 seconds.
[    8.649576] cloud-init[1675]: Cloud-init v. 20.2-45-g5f7825e2-0ubuntu1~16.04.1 finished at Thu, 13 Aug 2020 11:43:19 +0000. Datasource DataSourceNoCloud [seed=/dev/sdb][dsmode=net].  Up 8.64 seconds
[[0;32m  OK  [0m] Started Execute cloud user/final scripts.
[[0;32m  OK  [0m] Reached target Cloud-init target.

Ubuntu 16.04.6 LTS ubuntu-xenial ttyS0

ubuntu-xenial login: 